<?xml version="1.0" encoding="UTF-8"?>
<!-- Generated by org.testng.reporters.JUnitReportReporter -->
<testsuite hostname="LAPTOP-P2QE43U4" failures="0" tests="14" name="cucumberoptions.TestNgRunner" time="612.123" errors="0" timestamp="2024-09-10T07:54:51 IST" skipped="0">
  <testcase classname="cucumberoptions.TestNgRunner" name="runScenario" time="59.692"/>
  <testcase classname="cucumberoptions.TestNgRunner" name="runScenario" time="53.885"/>
  <testcase classname="cucumberoptions.TestNgRunner" name="runScenario" time="54.795"/>
  <testcase classname="cucumberoptions.TestNgRunner" name="runScenario" time="13.587"/>
  <testcase classname="cucumberoptions.TestNgRunner" name="runScenario" time="17.302"/>
  <testcase classname="cucumberoptions.TestNgRunner" name="runScenario" time="53.903"/>
  <testcase classname="cucumberoptions.TestNgRunner" name="runScenario" time="48.649"/>
  <testcase classname="cucumberoptions.TestNgRunner" name="runScenario" time="16.642"/>
  <testcase classname="cucumberoptions.TestNgRunner" name="runScenario" time="62.313"/>
  <testcase classname="cucumberoptions.TestNgRunner" name="runScenario" time="48.182"/>
  <testcase classname="cucumberoptions.TestNgRunner" name="runScenario" time="15.787"/>
  <testcase classname="cucumberoptions.TestNgRunner" name="runScenario" time="47.766"/>
  <testcase classname="cucumberoptions.TestNgRunner" name="runScenario" time="64.826"/>
  <testcase classname="cucumberoptions.TestNgRunner" name="runScenario" time="54.794"/>
</testsuite> <!-- cucumberoptions.TestNgRunner -->
