<?xml version="1.0" encoding="UTF-8"?>
<!-- Generated by org.testng.reporters.JUnitReportReporter -->
<testsuite hostname="LAPTOP-P2QE43U4" failures="0" tests="14" name="cucumberoptions.TestNgRunner" time="956.934" errors="0" timestamp="2024-09-08T21:48:13 IST" skipped="0">
  <testcase classname="cucumberoptions.TestNgRunner" name="runScenario" time="78.174"/>
  <testcase classname="cucumberoptions.TestNgRunner" name="runScenario" time="88.631"/>
  <testcase classname="cucumberoptions.TestNgRunner" name="runScenario" time="95.529"/>
  <testcase classname="cucumberoptions.TestNgRunner" name="runScenario" time="23.657"/>
  <testcase classname="cucumberoptions.TestNgRunner" name="runScenario" time="72.510"/>
  <testcase classname="cucumberoptions.TestNgRunner" name="runScenario" time="73.200"/>
  <testcase classname="cucumberoptions.TestNgRunner" name="runScenario" time="93.899"/>
  <testcase classname="cucumberoptions.TestNgRunner" name="runScenario" time="14.035"/>
  <testcase classname="cucumberoptions.TestNgRunner" name="runScenario" time="92.934"/>
  <testcase classname="cucumberoptions.TestNgRunner" name="runScenario" time="22.484"/>
  <testcase classname="cucumberoptions.TestNgRunner" name="runScenario" time="17.843"/>
  <testcase classname="cucumberoptions.TestNgRunner" name="runScenario" time="94.681"/>
  <testcase classname="cucumberoptions.TestNgRunner" name="runScenario" time="94.356"/>
  <testcase classname="cucumberoptions.TestNgRunner" name="runScenario" time="95.001"/>
</testsuite> <!-- cucumberoptions.TestNgRunner -->
