<?xml version="1.0" encoding="UTF-8"?>
<!-- Generated by org.testng.reporters.JUnitReportReporter -->
<testsuite hostname="LAPTOP-P2QE43U4" failures="0" tests="10" name="cucumberoptions.TestNgRunner" time="491.432" errors="0" timestamp="2024-09-13T20:04:36 IST" skipped="0">
  <testcase classname="cucumberoptions.TestNgRunner" name="runScenario" time="47.186"/>
  <testcase classname="cucumberoptions.TestNgRunner" name="runScenario" time="48.784"/>
  <testcase classname="cucumberoptions.TestNgRunner" name="runScenario" time="48.362"/>
  <testcase classname="cucumberoptions.TestNgRunner" name="runScenario" time="55.139"/>
  <testcase classname="cucumberoptions.TestNgRunner" name="runScenario" time="48.738"/>
  <testcase classname="cucumberoptions.TestNgRunner" name="runScenario" time="47.678"/>
  <testcase classname="cucumberoptions.TestNgRunner" name="runScenario" time="50.214"/>
  <testcase classname="cucumberoptions.TestNgRunner" name="runScenario" time="47.185"/>
  <testcase classname="cucumberoptions.TestNgRunner" name="runScenario" time="47.905"/>
  <testcase classname="cucumberoptions.TestNgRunner" name="runScenario" time="50.241"/>
</testsuite> <!-- cucumberoptions.TestNgRunner -->
