<?xml version="1.0" encoding="UTF-8"?>
<!-- Generated by org.testng.reporters.JUnitReportReporter -->
<testsuite hostname="LAPTOP-P2QE43U4" failures="0" tests="71" name="cucumberoptions.TestNgRunner" time="3971.794" errors="0" timestamp="2024-09-16T15:02:08 IST" skipped="0">
  <testcase classname="cucumberoptions.TestNgRunner" name="runScenario" time="99.980"/>
  <testcase classname="cucumberoptions.TestNgRunner" name="runScenario" time="48.923"/>
  <testcase classname="cucumberoptions.TestNgRunner" name="runScenario" time="59.120"/>
  <testcase classname="cucumberoptions.TestNgRunner" name="runScenario" time="21.569"/>
  <testcase classname="cucumberoptions.TestNgRunner" name="runScenario" time="59.376"/>
  <testcase classname="cucumberoptions.TestNgRunner" name="runScenario" time="40.832"/>
  <testcase classname="cucumberoptions.TestNgRunner" name="runScenario" time="38.824"/>
  <testcase classname="cucumberoptions.TestNgRunner" name="runScenario" time="18.551"/>
  <testcase classname="cucumberoptions.TestNgRunner" name="runScenario" time="64.373"/>
  <testcase classname="cucumberoptions.TestNgRunner" name="runScenario" time="53.402"/>
  <testcase classname="cucumberoptions.TestNgRunner" name="runScenario" time="59.608"/>
  <testcase classname="cucumberoptions.TestNgRunner" name="runScenario" time="62.208"/>
  <testcase classname="cucumberoptions.TestNgRunner" name="runScenario" time="34.506"/>
  <testcase classname="cucumberoptions.TestNgRunner" name="runScenario" time="69.843"/>
  <testcase classname="cucumberoptions.TestNgRunner" name="runScenario" time="51.095"/>
  <testcase classname="cucumberoptions.TestNgRunner" name="runScenario" time="52.851"/>
  <testcase classname="cucumberoptions.TestNgRunner" name="runScenario" time="49.678"/>
  <testcase classname="cucumberoptions.TestNgRunner" name="runScenario" time="66.386"/>
  <testcase classname="cucumberoptions.TestNgRunner" name="runScenario" time="71.043"/>
  <testcase classname="cucumberoptions.TestNgRunner" name="runScenario" time="90.670"/>
  <testcase classname="cucumberoptions.TestNgRunner" name="runScenario" time="54.332"/>
  <testcase classname="cucumberoptions.TestNgRunner" name="runScenario" time="119.939"/>
  <testcase classname="cucumberoptions.TestNgRunner" name="runScenario" time="38.195"/>
  <testcase classname="cucumberoptions.TestNgRunner" name="runScenario" time="61.861"/>
  <testcase classname="cucumberoptions.TestNgRunner" name="runScenario" time="70.620"/>
  <testcase classname="cucumberoptions.TestNgRunner" name="runScenario" time="71.643"/>
  <testcase classname="cucumberoptions.TestNgRunner" name="runScenario" time="51.338"/>
  <testcase classname="cucumberoptions.TestNgRunner" name="runScenario" time="53.699"/>
  <testcase classname="cucumberoptions.TestNgRunner" name="runScenario" time="51.435"/>
  <testcase classname="cucumberoptions.TestNgRunner" name="runScenario" time="56.852"/>
  <testcase classname="cucumberoptions.TestNgRunner" name="runScenario" time="60.115"/>
  <testcase classname="cucumberoptions.TestNgRunner" name="runScenario" time="58.549"/>
  <testcase classname="cucumberoptions.TestNgRunner" name="runScenario" time="46.031"/>
  <testcase classname="cucumberoptions.TestNgRunner" name="runScenario" time="58.713"/>
  <testcase classname="cucumberoptions.TestNgRunner" name="runScenario" time="60.882"/>
  <testcase classname="cucumberoptions.TestNgRunner" name="runScenario" time="59.780"/>
  <testcase classname="cucumberoptions.TestNgRunner" name="runScenario" time="49.771"/>
  <testcase classname="cucumberoptions.TestNgRunner" name="runScenario" time="52.275"/>
  <testcase classname="cucumberoptions.TestNgRunner" name="runScenario" time="65.661"/>
  <testcase classname="cucumberoptions.TestNgRunner" name="runScenario" time="48.182"/>
  <testcase classname="cucumberoptions.TestNgRunner" name="runScenario" time="60.644"/>
  <testcase classname="cucumberoptions.TestNgRunner" name="runScenario" time="112.826"/>
  <testcase classname="cucumberoptions.TestNgRunner" name="runScenario" time="52.604"/>
  <testcase classname="cucumberoptions.TestNgRunner" name="runScenario" time="89.432"/>
  <testcase classname="cucumberoptions.TestNgRunner" name="runScenario" time="59.388"/>
  <testcase classname="cucumberoptions.TestNgRunner" name="runScenario" time="67.029"/>
  <testcase classname="cucumberoptions.TestNgRunner" name="runScenario" time="53.005"/>
  <testcase classname="cucumberoptions.TestNgRunner" name="runScenario" time="37.787"/>
  <testcase classname="cucumberoptions.TestNgRunner" name="runScenario" time="36.108"/>
  <testcase classname="cucumberoptions.TestNgRunner" name="runScenario" time="31.171"/>
  <testcase classname="cucumberoptions.TestNgRunner" name="runScenario" time="99.974"/>
  <testcase classname="cucumberoptions.TestNgRunner" name="runScenario" time="53.515"/>
  <testcase classname="cucumberoptions.TestNgRunner" name="runScenario" time="55.824"/>
  <testcase classname="cucumberoptions.TestNgRunner" name="runScenario" time="62.433"/>
  <testcase classname="cucumberoptions.TestNgRunner" name="runScenario" time="54.319"/>
  <testcase classname="cucumberoptions.TestNgRunner" name="runScenario" time="37.029"/>
  <testcase classname="cucumberoptions.TestNgRunner" name="runScenario" time="39.699"/>
  <testcase classname="cucumberoptions.TestNgRunner" name="runScenario" time="38.677"/>
  <testcase classname="cucumberoptions.TestNgRunner" name="runScenario" time="58.486"/>
  <testcase classname="cucumberoptions.TestNgRunner" name="runScenario" time="61.939"/>
  <testcase classname="cucumberoptions.TestNgRunner" name="runScenario" time="54.300"/>
  <testcase classname="cucumberoptions.TestNgRunner" name="runScenario" time="24.026"/>
  <testcase classname="cucumberoptions.TestNgRunner" name="runScenario" time="69.843"/>
  <testcase classname="cucumberoptions.TestNgRunner" name="runScenario" time="44.923"/>
  <testcase classname="cucumberoptions.TestNgRunner" name="runScenario" time="41.826"/>
  <testcase classname="cucumberoptions.TestNgRunner" name="runScenario" time="61.070"/>
  <testcase classname="cucumberoptions.TestNgRunner" name="runScenario" time="38.801"/>
  <testcase classname="cucumberoptions.TestNgRunner" name="runScenario" time="72.985"/>
  <testcase classname="cucumberoptions.TestNgRunner" name="runScenario" time="28.759"/>
  <testcase classname="cucumberoptions.TestNgRunner" name="runScenario" time="17.170"/>
  <testcase classname="cucumberoptions.TestNgRunner" name="runScenario" time="53.491"/>
</testsuite> <!-- cucumberoptions.TestNgRunner -->
